,
  {
    "id": "19011023",
    "pass": "Baymaxx321#",
    "email": "naveenkanwar111@gmail.com",
    "name": "Charu Ka Marad"
  },{
    "id": "19042273",
  "pass": "Imnotgoingtotell#1",
  "email": "nayalaarushi@gmail.com",
  "name": "Aaaduuu Shii "
},{
  "id":"19042245",
  "pass":"$Anjana26",
  "email":"sanjanakundliya01@gmail.com",
  "name":"Sanjana Busy Girl"
},
{
  "id":"19042026",
  "pass":"Moodle@123",
  "email":"anshitagupta.na@gmail.com",
  "name":"Anshita Dumbass"
},
{

  "id":"19041237",
  "pass":"Aman@8954",
  "email":"iamandobriyal@gmail.com",
  "name":"Aman Dobriyal"
},{

  "id":"19041286",
  "pass":"Madafaka4#",
  "email":"abhishekrinku4@gmail.com",
  "name":"Rinki Beti"
},
{
 "id":"19041208",
  "pass":"Haramicollege@12",
  "email":"nicechawla12@gmail.com",
  "name":"Gurnav Chawla"
}
